2019-06-11 12:35:12,527 INFO o.a.j.u.JMeterUtils: Setting Locale to en_EN
2019-06-11 12:35:12,577 INFO o.a.j.JMeter: Loading user properties from: /Applications/apache-jmeter-5.0/bin/user.properties
2019-06-11 12:35:12,578 INFO o.a.j.JMeter: Loading system properties from: /Applications/apache-jmeter-5.0/bin/system.properties
2019-06-11 12:35:12,586 INFO o.a.j.JMeter: Copyright (c) 1998-2018 The Apache Software Foundation
2019-06-11 12:35:12,586 INFO o.a.j.JMeter: Version 5.0 r1840935
2019-06-11 12:35:12,586 INFO o.a.j.JMeter: java.version=1.8.0_131
2019-06-11 12:35:12,586 INFO o.a.j.JMeter: java.vm.name=Java HotSpot(TM) 64-Bit Server VM
2019-06-11 12:35:12,587 INFO o.a.j.JMeter: os.name=Mac OS X
2019-06-11 12:35:12,587 INFO o.a.j.JMeter: os.arch=x86_64
2019-06-11 12:35:12,587 INFO o.a.j.JMeter: os.version=10.14.5
2019-06-11 12:35:12,587 INFO o.a.j.JMeter: file.encoding=UTF-8
2019-06-11 12:35:12,587 INFO o.a.j.JMeter: Max memory     =1073741824
2019-06-11 12:35:12,588 INFO o.a.j.JMeter: Available Processors =4
2019-06-11 12:35:12,600 INFO o.a.j.JMeter: Default Locale=English (EN)
2019-06-11 12:35:12,601 INFO o.a.j.JMeter: JMeter  Locale=English (EN)
2019-06-11 12:35:12,601 INFO o.a.j.JMeter: JMeterHome=/Applications/apache-jmeter-5.0
2019-06-11 12:35:12,601 INFO o.a.j.JMeter: user.dir  =/Users/damon/Dropbox/梦映动漫资料/Api-Test
2019-06-11 12:35:12,601 INFO o.a.j.JMeter: PWD       =/Users/damon/Dropbox/梦映动漫资料/Api-Test
2019-06-11 12:35:12,628 INFO o.a.j.JMeter: IP: 192.168.1.127 Name: mengmengdidadeMacBook-Pro.local FullName: 192.168.1.127
2019-06-11 12:35:15,421 INFO o.a.j.g.a.LookAndFeelCommand: Installing Darcula LAF
2019-06-11 12:35:15,450 INFO o.a.j.g.a.LookAndFeelCommand: Using look and feel: com.bulenkov.darcula.DarculaLaf [Darcula]
2019-06-11 12:35:15,451 INFO o.a.j.JMeter: Setting LAF to: com.bulenkov.darcula.DarculaLaf
2019-06-11 12:35:15,567 INFO o.a.j.JMeter: Loaded icon properties from org/apache/jmeter/images/icon.properties
2019-06-11 12:35:16,380 INFO o.a.j.e.u.CompoundVariable: Note: Function class names must contain the string: '.functions.'
2019-06-11 12:35:16,381 INFO o.a.j.e.u.CompoundVariable: Note: Function class names must not contain the string: '.gui.'
2019-06-11 12:35:19,334 INFO o.a.j.p.h.s.HTTPSamplerBase: Parser for text/html is org.apache.jmeter.protocol.http.parser.LagartoBasedHtmlParser
2019-06-11 12:35:19,337 INFO o.a.j.p.h.s.HTTPSamplerBase: Parser for application/xhtml+xml is org.apache.jmeter.protocol.http.parser.LagartoBasedHtmlParser
2019-06-11 12:35:19,338 INFO o.a.j.p.h.s.HTTPSamplerBase: Parser for application/xml is org.apache.jmeter.protocol.http.parser.LagartoBasedHtmlParser
2019-06-11 12:35:19,338 INFO o.a.j.p.h.s.HTTPSamplerBase: Parser for text/xml is org.apache.jmeter.protocol.http.parser.LagartoBasedHtmlParser
2019-06-11 12:35:19,338 INFO o.a.j.p.h.s.HTTPSamplerBase: Parser for text/vnd.wap.wml is org.apache.jmeter.protocol.http.parser.RegexpHTMLParser
2019-06-11 12:35:19,338 INFO o.a.j.p.h.s.HTTPSamplerBase: Parser for text/css is org.apache.jmeter.protocol.http.parser.CssParser
2019-06-11 12:35:19,966 INFO o.a.j.e.KeyToolUtils: keytool found at 'keytool'
2019-06-11 12:35:19,967 INFO o.a.j.p.h.p.ProxyControl: HTTP(S) Test Script Recorder SSL Proxy will use keys that support embedded 3rd party resources in file /Applications/apache-jmeter-5.0/bin/proxyserver.jks
2019-06-11 12:35:20,169 INFO o.a.j.s.FileServer: Default base='/Users/damon/Dropbox/梦映动漫资料/Api-Test'
2019-06-11 12:35:20,558 INFO o.a.j.s.SampleResult: Note: Sample TimeStamps are START times
2019-06-11 12:35:20,559 INFO o.a.j.s.SampleResult: sampleresult.default.encoding is set to ISO-8859-1
2019-06-11 12:35:20,559 INFO o.a.j.s.SampleResult: sampleresult.useNanoTime=true
2019-06-11 12:35:20,559 INFO o.a.j.s.SampleResult: sampleresult.nanoThreadSleep=5000
2019-06-11 12:37:09,881 INFO o.a.j.g.a.Load: Loading file: /Users/damon/Dropbox/梦映动漫资料/性能测试/压测-APP主要接口.jmx
2019-06-11 12:37:09,882 INFO o.a.j.s.FileServer: Set new base='/Users/damon/Dropbox/梦映动漫资料/性能测试'
2019-06-11 12:37:10,129 INFO o.a.j.s.SaveService: Testplan (JMX) version: 2.2. Testlog (JTL) version: 2.2
2019-06-11 12:37:10,176 INFO o.a.j.s.SaveService: Using SaveService properties file encoding UTF-8
2019-06-11 12:37:10,178 INFO o.a.j.s.SaveService: Using SaveService properties version 5.0
2019-06-11 12:37:10,182 INFO o.a.j.s.SaveService: Loading file: /Users/damon/Dropbox/梦映动漫资料/性能测试/压测-APP主要接口.jmx
2019-06-11 12:37:11,251 INFO o.a.j.s.FileServer: Set new base='/Users/damon/Dropbox/梦映动漫资料/性能测试'
2019-06-11 12:37:19,808 INFO o.a.j.e.StandardJMeterEngine: Running the test!
2019-06-11 12:37:19,811 INFO o.a.j.s.SampleEvent: List of sample_variables: []
2019-06-11 12:37:19,812 INFO o.a.j.s.SampleEvent: List of sample_variables: []
2019-06-11 12:37:19,849 INFO o.a.j.g.u.JMeterMenuBar: setRunning(true, *local*)
2019-06-11 12:37:20,052 INFO o.a.j.e.StandardJMeterEngine: Starting ThreadGroup: 1 : 100*100
2019-06-11 12:37:20,053 INFO o.a.j.e.StandardJMeterEngine: Starting 1 threads for group 100*100.
2019-06-11 12:37:20,053 INFO o.a.j.e.StandardJMeterEngine: Thread will continue on error
2019-06-11 12:37:20,053 INFO o.a.j.t.ThreadGroup: Starting thread group... number=1 threads=1 ramp-up=0 perThread=0.0 delayedStart=false
2019-06-11 12:37:20,060 INFO o.a.j.t.ThreadGroup: Started thread group number 1
2019-06-11 12:37:20,060 INFO o.a.j.e.StandardJMeterEngine: All thread groups have been started
2019-06-11 12:37:20,089 INFO o.a.j.t.JMeterThread: Thread started: 100*100 1-1
2019-06-11 12:37:20,091 INFO o.a.j.s.FileServer: Stored: /Users/damon/Dropbox/梦映动漫资料/性能测试/压测-APP主要接口参数传递.csv
2019-06-11 12:37:20,118 INFO o.a.j.p.h.s.HTTPHCAbstractImpl: Local host = mengmengdidadeMacBook-Pro.local
2019-06-11 12:37:20,140 INFO o.a.j.p.h.s.HTTPHC4Impl: HTTP request retry count = 0
2019-06-11 12:38:01,931 INFO o.a.j.p.h.s.h.LazyLayeredConnectionSocketFactory: Setting up HTTPS TrustAll Socket Factory
2019-06-11 12:38:01,937 INFO o.a.j.u.JsseSSLManager: Using default SSL protocol: TLS
2019-06-11 12:38:01,938 INFO o.a.j.u.JsseSSLManager: SSL session context: per-thread
2019-06-11 12:38:02,195 INFO o.a.j.u.SSLManager: JmeterKeyStore Location:  type JKS
2019-06-11 12:38:02,198 INFO o.a.j.u.SSLManager: KeyStore created OK
2019-06-11 12:38:02,198 WARN o.a.j.u.SSLManager: Keystore file not found, loading empty keystore
2019-06-11 12:38:15,113 INFO o.a.j.g.a.Start: Shutting test down
2019-06-11 12:38:15,132 INFO o.a.j.t.JMeterThread: Stopping: 100*100 1-1
2019-06-11 12:38:16,351 INFO o.a.j.t.JMeterThread: Thread finished: 100*100 1-1
2019-06-11 12:38:16,352 INFO o.a.j.e.StandardJMeterEngine: Notifying test listeners of end of test
2019-06-11 12:38:16,352 INFO o.a.j.s.FileServer: Close: /Users/damon/Dropbox/梦映动漫资料/性能测试/压测-APP主要接口参数传递.csv
2019-06-11 12:38:16,353 INFO o.a.j.g.u.JMeterMenuBar: setRunning(false, *local*)
2019-06-11 12:39:20,566 INFO o.a.j.e.StandardJMeterEngine: Running the test!
2019-06-11 12:39:20,568 INFO o.a.j.s.SampleEvent: List of sample_variables: []
2019-06-11 12:39:20,586 INFO o.a.j.g.u.JMeterMenuBar: setRunning(true, *local*)
2019-06-11 12:39:20,764 INFO o.a.j.e.StandardJMeterEngine: Starting ThreadGroup: 1 : 100*100
2019-06-11 12:39:20,765 INFO o.a.j.e.StandardJMeterEngine: Starting 1 threads for group 100*100.
2019-06-11 12:39:20,765 INFO o.a.j.e.StandardJMeterEngine: Thread will continue on error
2019-06-11 12:39:20,766 INFO o.a.j.t.ThreadGroup: Starting thread group... number=1 threads=1 ramp-up=0 perThread=0.0 delayedStart=false
2019-06-11 12:39:20,769 INFO o.a.j.t.ThreadGroup: Started thread group number 1
2019-06-11 12:39:20,770 INFO o.a.j.e.StandardJMeterEngine: All thread groups have been started
2019-06-11 12:39:20,775 INFO o.a.j.t.JMeterThread: Thread started: 100*100 1-1
2019-06-11 12:39:20,776 INFO o.a.j.s.FileServer: Stored: /Users/damon/Dropbox/梦映动漫资料/性能测试/压测-APP主要接口参数传递.csv
2019-06-11 12:40:04,519 INFO o.a.j.g.a.Start: Shutting test down
2019-06-11 12:40:04,540 INFO o.a.j.t.JMeterThread: Stopping: 100*100 1-1
2019-06-11 12:40:05,811 INFO o.a.j.t.JMeterThread: Thread finished: 100*100 1-1
2019-06-11 12:40:05,812 INFO o.a.j.e.StandardJMeterEngine: Notifying test listeners of end of test
2019-06-11 12:40:05,812 INFO o.a.j.s.FileServer: Close: /Users/damon/Dropbox/梦映动漫资料/性能测试/压测-APP主要接口参数传递.csv
2019-06-11 12:40:05,812 INFO o.a.j.g.u.JMeterMenuBar: setRunning(false, *local*)
2019-06-11 12:40:29,380 INFO o.a.j.e.StandardJMeterEngine: Running the test!
2019-06-11 12:40:29,382 INFO o.a.j.s.SampleEvent: List of sample_variables: []
2019-06-11 12:40:29,395 INFO o.a.j.g.u.JMeterMenuBar: setRunning(true, *local*)
2019-06-11 12:40:29,576 INFO o.a.j.e.StandardJMeterEngine: Starting ThreadGroup: 1 : 100*100
2019-06-11 12:40:29,576 INFO o.a.j.e.StandardJMeterEngine: Starting 1 threads for group 100*100.
2019-06-11 12:40:29,576 INFO o.a.j.e.StandardJMeterEngine: Thread will continue on error
2019-06-11 12:40:29,577 INFO o.a.j.t.ThreadGroup: Starting thread group... number=1 threads=1 ramp-up=0 perThread=0.0 delayedStart=false
2019-06-11 12:40:29,579 INFO o.a.j.t.ThreadGroup: Started thread group number 1
2019-06-11 12:40:29,579 INFO o.a.j.e.StandardJMeterEngine: All thread groups have been started
2019-06-11 12:40:29,581 INFO o.a.j.t.JMeterThread: Thread started: 100*100 1-1
2019-06-11 12:40:29,583 INFO o.a.j.s.FileServer: Stored: /Users/damon/Dropbox/梦映动漫资料/性能测试/压测-APP主要接口参数传递.csv
2019-06-11 12:40:30,451 INFO o.a.j.g.a.Start: Shutting test down
2019-06-11 12:40:30,471 INFO o.a.j.t.JMeterThread: Stopping: 100*100 1-1
2019-06-11 12:40:31,720 INFO o.a.j.t.JMeterThread: Thread finished: 100*100 1-1
2019-06-11 12:40:31,720 INFO o.a.j.e.StandardJMeterEngine: Notifying test listeners of end of test
2019-06-11 12:40:31,720 INFO o.a.j.s.FileServer: Close: /Users/damon/Dropbox/梦映动漫资料/性能测试/压测-APP主要接口参数传递.csv
2019-06-11 12:40:31,721 INFO o.a.j.g.u.JMeterMenuBar: setRunning(false, *local*)
